<?xml version="1.0" encoding="UTF-8"?>
<!-- Generated by org.testng.reporters.JUnitReportReporter -->
<testsuite skipped="0" hostname="DESKTOP-I53I0DN" name="com.mindtree.runners.LambdaTest" tests="3" failures="0" timestamp="2022-01-30T23:11:16 IST" time="86.108" errors="0">
  <testcase name="test3" time="27.532" classname="com.mindtree.runners.LambdaTest"/>
  <system-out/>
  <testcase name="test1" time="18.769" classname="com.mindtree.runners.LambdaTest"/>
  <system-out/>
  <testcase name="test2" time="39.807" classname="com.mindtree.runners.LambdaTest"/>
  <system-out/>
</testsuite> <!-- com.mindtree.runners.LambdaTest -->
